  0.00000E+00  -1.3040331874693019E-10   0.0000000000000000E+00  -2.3282851624974518E-08   0.0000000000000000E+00
  3.65250E+05  -1.3040471588551323E-10   0.0000000000000000E+00  -2.3282851624973148E-08   0.0000000000000000E+00
  7.30500E+05  -1.3040544692576815E-10   0.0000000000000000E+00  -2.3282851624973367E-08   0.0000000000000000E+00
  1.09575E+06  -1.3040185016082977E-10   0.0000000000000000E+00  -2.3282851624977671E-08   0.0000000000000000E+00
  1.46100E+06  -1.3039849715740959E-10   0.0000000000000000E+00  -2.3282851624985586E-08   0.0000000000000000E+00
  1.82625E+06  -1.0713285701949630E-10  -0.0000000000000000E+00  -8.0312752316803434E-09   0.0000000000000000E+00
  2.19150E+06  -1.0705239022496696E-10  -0.0000000000000000E+00  -8.0312752316811226E-09   0.0000000000000000E+00
  2.55675E+06  -1.0699550541391406E-10   0.0000000000000000E+00  -8.0312752316815859E-09   0.0000000000000000E+00
  2.92200E+06  -1.0703655243128694E-10   0.0000000000000000E+00  -8.0312752316828548E-09   0.0000000000000000E+00
  3.28725E+06  -1.0702853786318101E-10   0.0000000000000000E+00  -8.0312752316838590E-09  -0.0000000000000000E+00
  3.65250E+06  -1.0717625639000758E-10  -0.0000000000000000E+00  -8.0312752316853313E-09   0.0000000000000000E+00
  4.01775E+06  -1.0724338002199119E-10  -0.0000000000000000E+00  -8.0312752316865671E-09   0.0000000000000000E+00
  4.38300E+06  -1.0722355793153500E-10   0.0000000000000000E+00  -8.0312752316876640E-09   0.0000000000000000E+00
  4.74825E+06  -1.0714576824312735E-10   0.0000000000000000E+00  -8.0312752316894308E-09   0.0000000000000000E+00
  5.11350E+06  -1.0707014207573153E-10   0.0000000000000000E+00  -8.0312752316907080E-09   0.0000000000000000E+00
  5.47875E+06  -1.0701648780955758E-10  -0.0000000000000000E+00  -8.0312752316916510E-09  -0.0000000000000000E+00
  5.84400E+06  -1.0700838828271180E-10  -0.0000000000000000E+00  -8.0312752316924848E-09   0.0000000000000000E+00
  6.20925E+06  -1.0708243939549804E-10   0.0000000000000000E+00  -8.0312752316935320E-09   0.0000000000000000E+00
  6.57450E+06  -1.0716239653632512E-10   0.0000000000000000E+00  -8.0312752316942186E-09   0.0000000000000000E+00
  6.93975E+06  -1.0723700882185197E-10   0.0000000000000000E+00  -8.0312752316958812E-09   0.0000000000000000E+00
  7.30500E+06  -1.0713417960791577E-10   0.0000000000000000E+00  -8.0312752316973039E-09  -0.0000000000000000E+00
  7.67025E+06  -1.0717987328877953E-10  -0.0000000000000000E+00  -8.0312752316982618E-09   0.0000000000000000E+00
  8.03550E+06  -1.0709897501862916E-10  -0.0000000000000000E+00  -8.0312752316988111E-09   0.0000000000000000E+00
  8.40075E+06  -1.0702055883520074E-10   0.0000000000000000E+00  -8.0312752316995837E-09   0.0000000000000000E+00
  8.76600E+06  -1.0700102887433964E-10   0.0000000000000000E+00  -8.0312752317006325E-09   0.0000000000000000E+00
  9.13125E+06  -1.0707596618253272E-10   0.0000000000000000E+00  -8.0312752317019362E-09   0.0000000000000000E+00
  9.49650E+06  -1.0713381377382402E-10  -0.0000000000000000E+00  -8.0312752317029437E-09   0.0000000000000000E+00
  9.86175E+06  -1.0720914508407934E-10  -0.0000000000000000E+00  -8.0312752317036534E-09   0.0000000000000000E+00
  1.02270E+07  -1.0724851367262453E-10   0.0000000000000000E+00  -8.0312752317043978E-09   0.0000000000000000E+00
  1.05922E+07  -1.0719197839446907E-10   0.0000000000000000E+00  -8.0312752317053590E-09   0.0000000000000000E+00
  1.09575E+07  -1.0711266390846968E-10   0.0000000000000000E+00  -8.0312752317061167E-09   0.0000000000000000E+00
  1.13228E+07  -1.0695079112453706E-10   0.0000000000000000E+00  -8.0312752317071226E-09  -0.0000000000000000E+00
  1.16880E+07  -1.0699621156742358E-10  -0.0000000000000000E+00  -8.0312752317086231E-09   0.0000000000000000E+00
  1.20532E+07  -1.0703637211536963E-10   0.0000000000000000E+00  -8.0312752317094420E-09   0.0000000000000000E+00
  1.24185E+07  -1.0711634064771842E-10   0.0000000000000000E+00  -8.0312752317103751E-09   0.0000000000000000E+00
  1.27838E+07  -1.0719660755624336E-10   0.0000000000000000E+00  -8.0312752317122015E-09   0.0000000000000000E+00
  1.31490E+07  -1.0725485255458433E-10   0.0000000000000000E+00  -8.0312752317129906E-09   0.0000000000000000E+00
  1.35142E+07  -1.0722933376019079E-10  -0.0000000000000000E+00  -8.0312752317137748E-09   0.0000000000000000E+00
  1.38795E+07  -1.0714504947503294E-10   0.0000000000000000E+00  -8.0312752317145341E-09   0.0000000000000000E+00
  1.42448E+07  -1.0706473377024725E-10   0.0000000000000000E+00  -8.0312752317150222E-09   0.0000000000000000E+00
  1.46100E+07  -1.0699893486358112E-10   0.0000000000000000E+00  -8.0312752317154175E-09   0.0000000000000000E+00
  1.49752E+07  -1.0702533809377543E-10   0.0000000000000000E+00  -8.0312752317162381E-09   0.0000000000000000E+00
  1.53405E+07  -1.0701489813915310E-10  -0.0000000000000000E+00  -8.0312752317173614E-09   0.0000000000000000E+00
  1.57058E+07  -1.0716389441991702E-10   0.0000000000000000E+00  -8.0312752317181836E-09   0.0000000000000000E+00
  1.60710E+07  -1.0723661219482271E-10   0.0000000000000000E+00  -8.0312752317186750E-09   0.0000000000000000E+00
  1.64362E+07  -1.0723302676168006E-10   0.0000000000000000E+00  -8.0312752317196147E-09   0.0000000000000000E+00
  1.68015E+07  -1.0715803762449531E-10   0.0000000000000000E+00  -8.0312752317207297E-09   0.0000000000000000E+00
  1.71668E+07  -1.0708250936894796E-10   0.0000000000000000E+00  -8.0312752317216611E-09   0.0000000000000000E+00
  1.75320E+07  -1.0702608315989333E-10  -0.0000000000000000E+00  -8.0312752317221045E-09   0.0000000000000000E+00
  1.78972E+07  -1.0700137974160099E-10   0.0000000000000000E+00  -8.0312752317230590E-09   0.0000000000000000E+00
  1.82625E+07  -1.0707004271441913E-10   0.0000000000000000E+00  -8.0312752317238796E-09   0.0000000000000000E+00
  1.86278E+07  -1.0715010003037324E-10   0.0000000000000000E+00  -8.0312752317244619E-09   0.0000000000000000E+00
  1.89930E+07  -1.0722814972433690E-10   0.0000000000000000E+00  -8.0312752317252544E-09   0.0000000000000000E+00
  1.93582E+07  -1.0713733177653598E-10  -0.0000000000000000E+00  -8.0312752317264406E-09   0.0000000000000000E+00
  1.97235E+07  -1.0719215862878864E-10   0.0000000000000000E+00  -8.0312752317275539E-09   0.0000000000000000E+00
  2.00888E+07  -1.0711118793016514E-10   0.0000000000000000E+00  -8.0312752317284490E-09   0.0000000000000000E+00
  2.04540E+07  -1.0703140054127781E-10   0.0000000000000000E+00  -8.0312752317297642E-09   0.0000000000000000E+00
  2.08192E+07  -1.0699660952190479E-10   0.0000000000000000E+00  -8.0312752317310943E-09   0.0000000000000000E+00
  2.11845E+07  -1.0706347648595621E-10   0.0000000000000000E+00  -8.0312752317321084E-09  -0.0000000000000000E+00
  2.15498E+07  -1.0712164801459794E-10   0.0000000000000000E+00  -8.0312752317330845E-09   0.0000000000000000E+00
  2.19150E+07  -1.0719732722715534E-10   0.0000000000000000E+00  -8.0312752317340490E-09   0.0000000000000000E+00
  2.22802E+07  -1.0724912885952210E-10   0.0000000000000000E+00  -8.0312752317350366E-09   0.0000000000000000E+00
  2.26455E+07  -1.0720399329149116E-10   0.0000000000000000E+00  -8.0312752317356702E-09   0.0000000000000000E+00
  2.30108E+07  -1.0712482535273480E-10   0.0000000000000000E+00  -8.0312752317359465E-09   0.0000000000000000E+00
  2.33760E+07  -1.0696665242403597E-10  -0.0000000000000000E+00  -8.0312752317372253E-09   0.0000000000000000E+00
  2.37412E+07  -1.0699948446948298E-10   0.0000000000000000E+00  -8.0312752317380078E-09   0.0000000000000000E+00
  2.41065E+07  -1.0702511618639048E-10   0.0000000000000000E+00  -8.0312752317384793E-09   0.0000000000000000E+00
  2.44718E+07  -1.0710415468200250E-10   0.0000000000000000E+00  -8.0312752317392569E-09   0.0000000000000000E+00
  2.48370E+07  -1.0718439636572875E-10   0.0000000000000000E+00  -8.0312752317398640E-09   0.0000000000000000E+00
  2.52022E+07  -1.0725259352674720E-10   0.0000000000000000E+00  -8.0312752317407409E-09  -0.0000000000000000E+00
  2.55675E+07  -1.0723875899762203E-10   0.0000000000000000E+00  -8.0312752317415101E-09   0.0000000000000000E+00
  2.59328E+07  -1.0715731283129772E-10   0.0000000000000000E+00  -8.0312752317421653E-09   0.0000000000000000E+00
  2.62980E+07  -1.0707714175088839E-10   0.0000000000000000E+00  -8.0312752317428105E-09   0.0000000000000000E+00
  2.66632E+07  -1.0700495593043226E-10   0.0000000000000000E+00  -8.0312752317436145E-09   0.0000000000000000E+00
  2.70285E+07  -1.0701525174332385E-10   0.0000000000000000E+00  -8.0312752317446286E-09  -0.0000000000000000E+00
  2.73938E+07  -1.0700048072749427E-10   0.0000000000000000E+00  -8.0312752317454326E-09   0.0000000000000000E+00
  2.77590E+07  -1.0715158750288566E-10   0.0000000000000000E+00  -8.0312752317464335E-09   0.0000000000000000E+00
  2.81242E+07  -1.0722784707928343E-10   0.0000000000000000E+00  -8.0312752317470423E-09   0.0000000000000000E+00
  2.84895E+07  -1.0724070776124444E-10   0.0000000000000000E+00  -8.0312752317479026E-09  -0.0000000000000000E+00
  2.88548E+07  -1.0717037825989413E-10   0.0000000000000000E+00  -8.0312752317485875E-09  -0.0000000000000000E+00
  2.92200E+07  -1.0709483945575072E-10   0.0000000000000000E+00  -8.0312752317501558E-09   0.0000000000000000E+00
  2.95852E+07  -1.0703700572786491E-10   0.0000000000000000E+00  -8.0312752317510773E-09   0.0000000000000000E+00
  2.99505E+07  -1.0699680087342909E-10   0.0000000000000000E+00  -8.0312752317516795E-09   0.0000000000000000E+00
  3.03158E+07  -1.0705765263142927E-10   0.0000000000000000E+00  -8.0312752317525100E-09  -0.0000000000000000E+00
  3.06810E+07  -1.0713787903110829E-10   0.0000000000000000E+00  -8.0312752317538616E-09  -0.0000000000000000E+00
  3.10462E+07  -1.0721781446945252E-10   0.0000000000000000E+00  -8.0312752317543083E-09   0.0000000000000000E+00
  3.14115E+07  -1.0713901792330833E-10   0.0000000000000000E+00  -8.0312752317554051E-09   0.0000000000000000E+00
  3.17768E+07  -1.0720418822918472E-10   0.0000000000000000E+00  -8.0312752317562737E-09   0.0000000000000000E+00
  3.21420E+07  -1.0712335094589866E-10   0.0000000000000000E+00  -8.0312752317560255E-09  -0.0000000000000000E+00
  3.25072E+07  -1.0704309101929538E-10   0.0000000000000000E+00  -8.0312752317564937E-09  -0.0000000000000000E+00
  3.28725E+07  -1.0699496607769364E-10   0.0000000000000000E+00  -8.0312752317571720E-09  -0.0000000000000000E+00
  3.32378E+07  -1.0705114773275275E-10  -0.0000000000000000E+00  -8.0312752317582390E-09   0.0000000000000000E+00
  3.36030E+07  -1.0710946625730398E-10   0.0000000000000000E+00  -8.0312752317594269E-09   0.0000000000000000E+00
  3.39682E+07  -1.0718512693133225E-10   0.0000000000000000E+00  -8.0312752317601928E-09  -0.0000000000000000E+00
  3.43335E+07  -1.0724688528953115E-10   0.0000000000000000E+00  -8.0312752317609969E-09  -0.0000000000000000E+00
  3.46988E+07  -1.0721544793540601E-10   0.0000000000000000E+00  -8.0312752317620689E-09  -0.0000000000000000E+00
  3.50640E+07  -1.0713699074692675E-10   0.0000000000000000E+00  -8.0312752317629126E-09   0.0000000000000000E+00
  3.54292E+07  -1.0698236201948321E-10   0.0000000000000000E+00  -8.0312752317643271E-09   0.0000000000000000E+00
  3.57945E+07  -1.0700537065307294E-10   0.0000000000000000E+00  -8.0312752317654223E-09  -0.0000000000000000E+00
  3.61598E+07  -1.0701496023995485E-10   0.0000000000000000E+00  -8.0312752317666597E-09  -0.0000000000000000E+00
  3.65250E+07  -1.0709189564552355E-10   0.0000000000000000E+00  -8.0312752317675895E-09  -0.0000000000000000E+00
  3.68902E+07  -1.0717204870407167E-10   0.0000000000000000E+00  -8.0312752317688931E-09   0.0000000000000000E+00
  3.72555E+07  -1.0724765821052426E-10  -0.0000000000000000E+00  -8.0312752317704002E-09   0.0000000000000000E+00
  3.76208E+07  -1.0724641706184531E-10   0.0000000000000000E+00  -8.0312752317712225E-09   0.0000000000000000E+00
  3.79860E+07  -1.0716964810648186E-10   0.0000000000000000E+00  -8.0312752317720761E-09  -0.0000000000000000E+00
  3.83512E+07  -1.0708950448321786E-10   0.0000000000000000E+00  -8.0312752317730704E-09  -0.0000000000000000E+00
  3.87165E+07  -1.0701315629878641E-10   0.0000000000000000E+00  -8.0312752317741192E-09   0.0000000000000000E+00
  3.90818E+07  -1.0700678440031331E-10  -0.0000000000000000E+00  -8.0312752317753319E-09   0.0000000000000000E+00
  3.94470E+07  -1.0698536548476296E-10   0.0000000000000000E+00  -8.0312752317766190E-09   0.0000000000000000E+00
  3.98122E+07  -1.0713935795799406E-10   0.0000000000000000E+00  -8.0312752317779458E-09  -0.0000000000000000E+00
  4.01775E+07  -1.0721757614107121E-10   0.0000000000000000E+00  -8.0312752317787002E-09  -0.0000000000000000E+00
  4.05428E+07  -1.0724612890068152E-10   0.0000000000000000E+00  -8.0312752317795042E-09   0.0000000000000000E+00
  4.09080E+07  -1.0718273484663861E-10  -0.0000000000000000E+00  -8.0312752317806622E-09   0.0000000000000000E+00
  4.12732E+07  -1.0710709471184400E-10   0.0000000000000000E+00  -8.0312752317816466E-09   0.0000000000000000E+00
  4.16385E+07  -1.0704879247584077E-10   0.0000000000000000E+00  -8.0312752317826607E-09  -0.0000000000000000E+00
  4.20038E+07  -1.0699498327941604E-10   0.0000000000000000E+00  -8.0312752317832083E-09  -0.0000000000000000E+00
  4.23690E+07  -1.0704542656194926E-10  -0.0000000000000000E+00  -8.0312752317840835E-09  -0.0000000000000000E+00
  4.27342E+07  -1.0712571127443580E-10  -0.0000000000000000E+00  -8.0312752317850033E-09   0.0000000000000000E+00
  4.30995E+07  -1.0720647220372107E-10   0.0000000000000000E+00  -8.0312752317855079E-09   0.0000000000000000E+00
  4.34648E+07  -1.0713916843109377E-10   0.0000000000000000E+00  -8.0312752317862374E-09   0.0000000000000000E+00
  4.38300E+07  -1.0721567705847583E-10   0.0000000000000000E+00  -8.0312752317872631E-09  -0.0000000000000000E+00
  4.41952E+07  -1.0713551319642385E-10  -0.0000000000000000E+00  -8.0312752317879795E-09  -0.0000000000000000E+00
