  3.6960000000000000E+04  2
-1    3  9.4826863086520542E-07  7.6885161542398334E-04
-1.5821487785721082E+00  0.0000000000000000E+00  2.1846277957236637E-01
-1.8759593847045945E-02  0.0000000000000000E+00 -4.9210345154283228E-03
-1    2  7.3946655005529153E-07  7.0768216001904690E-04
-1.5824688643845100E+00  0.0000000000000000E+00  2.1989190293042649E-01
 1.9179361810915348E-02  0.0000000000000000E+00 -3.3948704937605600E-02
+1    3  1.6877351809204971E-06  9.3175165093399386E-04
-1.5821487785721082E+00  0.0000000000000000E+00  2.1846277957236637E-01
-2.1369690595527753E-03  0.0000000000000000E+00 -1.7639256868014687E-02
  2.2140000000000000E+04  2
-1    3  9.5349063672570996E-07  7.7026035834231116E-04
-1.5935256170158507E+00  0.0000000000000000E+00  3.4150598132129022E-03
 2.0013504110111862E-02  0.0000000000000000E+00 -2.4388984873607356E-02
-1    2  7.5507137027724372E-07  7.1262557486614713E-04
-1.5929505950178562E+00  0.0000000000000000E+00  2.0599588385018562E-03
-2.5509086487280647E-02  0.0000000000000000E+00 -9.3151687871674271E-03
+1    3  1.7085620070029536E-06  9.3556863022090813E-04
-1.5935256170158507E+00  0.0000000000000000E+00  3.4150598132129022E-03
-1.0446920315268309E-04  0.0000000000000000E+00 -1.7727355432566136E-02
